11:16:55 INFO  : Registering command handlers for SDK TCF services
11:16:56 INFO  : Launching XSCT server: xsct.bat -interactive E:\PhD_project\vivado_prjs\minizedJTAG\minizedJTAG.sdk\temp_xsdb_launch_script.tcl
11:17:00 INFO  : XSCT server has started successfully.
11:17:02 INFO  : Successfully done setting XSCT server connection channel  
11:17:02 INFO  : Successfully done setting SDK workspace  
11:17:02 INFO  : Processing command line option -hwspec E:/PhD_project/vivado_prjs/minizedJTAG/minizedJTAG.sdk/design_1_wrapper.hdf.
11:18:08 INFO  : Launching XSCT server: xsct.bat -interactive E:\PhD_project\vivado_prjs\minizedJTAG\minizedJTAG.sdk\temp_xsdb_launch_script.tcl
11:18:10 INFO  : XSCT server has started successfully.
11:18:12 INFO  : Successfully done setting XSCT server connection channel  
11:18:12 INFO  : Successfully done setting SDK workspace  
11:18:14 INFO  : Registering command handlers for SDK TCF services
11:18:15 INFO  : Processing command line option -hwspec E:/PhD_project/vivado_prjs/minizedJTAG/minizedJTAG.sdk/design_1_wrapper.hdf.
11:18:15 INFO  : Checking for hwspec changes in the project design_1_wrapper_hw_platform_0.
11:18:42 ERROR : (XSDB Server)ERROR: [Hsi 55-1594] Core iicps of version 3.7 not found in repositories

11:18:42 ERROR : (XSDB Server)ERROR: [Hsi 55-1594] Core sdps of version 3.5 not found in repositories
ERROR: [Hsi 55-1594] Core sdps of version 3.5 not found in repositories
ERROR: [Hsi 55-1594] Core spips of version 3.1 not found in repositories
ERROR: [Hsi 55-1403] E:/PhD_project/vivado_prjs/minizedJTAG/minizedJTAG.sdk/fsbl_bsp/system.mss line 208 - No IP instance named ps7_spi_1 present in hardware design
ERROR: [Hsi 55-1594] Core standalone of version 6.7 not found in repositories
ERROR: [Hsi 55-1594] Core xilffs of version 3.9 not found in repositories

11:18:42 ERROR : (XSDB Server)ERROR: [Hsi 55-1452] Error: running open_sw_design.

11:18:42 ERROR :  [Common 17-39] 'hsi::open_sw_design' failed due to earlier errors.
11:18:42 ERROR : (XSDB Server)ERROR: [Hsi 55-1594]
11:18:42 ERROR : (XSDB Server) Core iicps of version 3.7 not found in repositories

11:18:42 ERROR : (XSDB Server)ERROR: [Hsi 55-1594
11:18:42 ERROR : (XSDB Server)] Core sdps of version 3.5 not found in r
11:18:42 ERROR : (XSDB Server)epositories

11:18:42 ERROR : (XSDB Server)ERROR: [Hsi 55-1594] Core sdps of version 3.5 not found in repositories

11:18:42 ERROR : (XSDB Server)ERROR: [Hsi 55-1594] Core spips of version 3.1 not found in repositories

11:18:42 ERROR : (XSDB Server)ERROR: [Hsi 55-1403] E:/PhD_project/vivado_prjs/minizedJTAG/minizedJTAG.sdk/fsbl_bsp/system.mss line 208 - No IP instance named ps7_spi_1 present in hardware design

11:18:42 ERROR : (XSDB Server)ERROR: [Hsi 55-1594] Core standalone of version 6.7 not found in repositories

11:18:42 ERROR : (XSDB Server)ERROR: [Hsi 55-1594] Core xilffs of version 3.9 not found in repositories

11:18:42 ERROR : (XSDB Server)ERROR: [Hsi 55-1452] Error: runnin
11:18:42 ERROR : (XSDB Server)g open_sw_design.

11:18:42 INFO  : Unable to read in MSS file E:\PhD_project\vivado_prjs\minizedJTAG\minizedJTAG.sdk\fsbl_bsp\system.mss : null
11:18:42 ERROR : Failed to closesw "E:/PhD_project/vivado_prjs/minizedJTAG/minizedJTAG.sdk/fsbl_bsp/system.mss"
Reason: Cannot close sw design 'E:/PhD_project/vivado_prjs/minizedJTAG/minizedJTAG.sdk/fsbl_bsp/system.mss'.
Design is not opened in the current session.


11:20:26 ERROR : (XSDB Server)ERROR: [Hsi 55-1594] Core iicps of version 3.7 not found in repositories

11:20:26 ERROR : (XSDB Server)ERROR: [Hsi 55-1594] Core sdps of version 3.5 not found in repositories
ERROR: [Hsi 55-1594] Core sdps of version 3.5 not found in repositories
ERROR: [Hsi 55-1594] Core spips of version 3.1 not found in repositories
ERROR: [Hsi 55-1403] E:/PhD_project/vivado_prjs/minizedJTAG/minizedJTAG.sdk/fsbl_bsp/system.mss line 208 - No IP instance named ps7_spi_1 present in hardware design

11:20:26 ERROR : (XSDB Server)ERROR: [Hsi 55-1594] Core standalone of version 6.7 not found in repositories

11:20:26 ERROR : (XSDB Server)ERROR: [Hsi 55-1594] Core xilffs of version 3.9 not found in repositories

11:20:26 ERROR : (XSDB Server)ERROR: [Hsi 55-145
11:20:26 ERROR : (XSDB Server)2] Error: running open_sw_design.

11:20:26 ERROR :  [Common 17-39] 'hsi::open_sw_design' failed due to earlier errors.
11:20:26 ERROR : (XSDB Server)ERROR: [Hsi 55-1594
11:20:26 ERROR : (XSDB Server)] Core iicps of version 3.7 not found in repositories

11:20:26 ERROR : (XSDB Server)ERROR: [Hsi 55-1594] Core sdps of version 3.5 not found in repositories

11:20:26 ERROR : (XSDB Server)ERROR: [Hsi 55-1594] Core sdps of version 3.5 not found in repositories

11:20:26 ERROR : (XSDB Server)ERROR: [Hsi 55-1594] Core spips of version 3.1 not found in repositories

11:20:26 ERROR : (XSDB Server)ERROR: [Hsi 55-1403] E:/PhD_project/vivado_prjs/minizedJTAG/minizedJTAG.sdk/fsbl_bsp/system.mss line 208 - No IP instance named ps7_spi_1 present in hardware design

11:20:26 ERROR : (XSDB Server)ERROR: [Hsi 
11:20:26 ERROR : (XSDB Server)55-1594] Core standalone of version 6.7 not found in repositories

11:20:26 ERROR : (XSDB Server)ERROR: [Hsi 55-1594] Core xilffs of version 3.9 not found in repositories

11:20:26 ERROR : (XSDB Server)ERROR: [Hsi 55-1452] Error: running open_sw_design.

11:20:26 INFO  : Unable to read in MSS file E:\PhD_project\vivado_prjs\minizedJTAG\minizedJTAG.sdk\fsbl_bsp\system.mss : null
11:20:26 ERROR : Failed to closesw "E:/PhD_project/vivado_prjs/minizedJTAG/minizedJTAG.sdk/fsbl_bsp/system.mss"
Reason: Cannot close sw design 'E:/PhD_project/vivado_prjs/minizedJTAG/minizedJTAG.sdk/fsbl_bsp/system.mss'.
Design is not opened in the current session.


11:21:09 INFO  : Connected to target on host '127.0.0.1' and port '3121'.
11:21:13 INFO  : 'targets -set -filter {jtag_cable_name =~ "Avnet MiniZed V1 1234-oj1A" && level==0} -index 1' command is executed.
11:21:14 INFO  : FPGA configured successfully with bitstream "E:/PhD_project/vivado_prjs/minizedJTAG/minizedJTAG.runs/impl_1/design_1_wrapper.bit"
11:22:05 INFO  : Invoking Bootgen: bootgen -image output.bif -arch zynq -o E:\PhD_project\vivado_prjs\minizedJTAG\minizedJTAG.runs\impl_1\BOOT.bin
11:22:05 INFO  : Creating new bif file E:\PhD_project\vivado_prjs\minizedJTAG\minizedJTAG.runs\impl_1\output.bif
11:22:07 INFO  : Bootgen command execution is done.
11:36:45 INFO  : Connected to target on host '127.0.0.1' and port '3121'.
11:36:48 INFO  : 'targets -set -filter {jtag_cable_name =~ "Avnet MiniZed V1 1234-oj1A" && level==0} -index 1' command is executed.
11:36:49 INFO  : FPGA configured successfully with bitstream "E:/PhD_project/vivado_prjs/minizedJTAG/minizedJTAG.runs/impl_1/design_1_wrapper.bit"
11:37:02 INFO  : Connected to target on host '127.0.0.1' and port '3121'.
11:37:05 INFO  : 'targets -set -filter {jtag_cable_name =~ "Avnet MiniZed V1 1234-oj1A" && level==0} -index 1' command is executed.
11:37:06 INFO  : FPGA configured successfully with bitstream "E:/PhD_project/vivado_prjs/minizedJTAG/minizedJTAG.runs/impl_1/design_1_wrapper.bit"
11:37:15 INFO  : Connected to target on host '127.0.0.1' and port '3121'.
11:37:18 INFO  : 'targets -set -filter {jtag_cable_name =~ "Avnet MiniZed V1 1234-oj1A" && level==0} -index 1' command is executed.
11:37:20 INFO  : FPGA configured successfully with bitstream "E:/PhD_project/vivado_prjs/minizedJTAG/minizedJTAG.runs/impl_1/design_1_wrapper.bit"
11:38:02 INFO  : Invoking Bootgen: bootgen -image output.bif -arch zynq -o E:\PhD_project\vivado_prjs\minizedJTAG\minizedJTAG.runs\impl_1\BOOT.bin -w on
11:38:04 INFO  : Bootgen command execution is done.
11:45:03 INFO  : Invoking Bootgen: bootgen -image output.bif -arch zynq -o E:\PhD_project\vivado_prjs\minizedJTAG\minizedJTAG.runs\impl_1\BOOT.bin -w on
11:45:05 INFO  : Bootgen command execution is done.
11:56:08 INFO  : Invoking Bootgen: bootgen -image output.bif -arch zynq -o E:\PhD_project\vivado_prjs\minizedJTAG\minizedJTAG.runs\impl_1\BOOT.bin -w on
11:56:09 INFO  : Bootgen command execution is done.
12:09:50 INFO  : Invoking Bootgen: bootgen -image output.bif -arch zynq -o E:\PhD_project\vivado_prjs\minizedJTAG\minizedJTAG.runs\impl_1\BOOT.bin -w on
12:09:52 INFO  : Bootgen command execution is done.
13:11:49 INFO  : Invoking Bootgen: bootgen -image output.bif -arch zynq -o E:\PhD_project\vivado_prjs\minizedJTAG\minizedJTAG.runs\impl_1\BOOT.bin -w on
13:11:51 INFO  : Bootgen command execution is done.
13:20:18 INFO  : Invoking Bootgen: bootgen -image output.bif -arch zynq -o E:\PhD_project\vivado_prjs\minizedJTAG\minizedJTAG.runs\impl_1\BOOT.bin -w on
13:20:20 INFO  : Bootgen command execution is done.
13:28:56 INFO  : Invoking Bootgen: bootgen -image output.bif -arch zynq -o E:\PhD_project\vivado_prjs\minizedJTAG\minizedJTAG.runs\impl_1\BOOT.bin -w on
13:28:58 INFO  : Bootgen command execution is done.
13:37:12 INFO  : Invoking Bootgen: bootgen -image output.bif -arch zynq -o E:\PhD_project\vivado_prjs\minizedJTAG\minizedJTAG.runs\impl_1\BOOT.bin -w on
13:37:13 INFO  : Bootgen command execution is done.
13:44:48 INFO  : Invoking Bootgen: bootgen -image output.bif -arch zynq -o E:\PhD_project\vivado_prjs\minizedJTAG\minizedJTAG.runs\impl_1\BOOT.bin -w on
13:44:49 INFO  : Bootgen command execution is done.
13:56:04 INFO  : Invoking Bootgen: bootgen -image output.bif -arch zynq -o E:\PhD_project\vivado_prjs\minizedJTAG\minizedJTAG.runs\impl_1\BOOT.bin -w on
13:56:06 INFO  : Bootgen command execution is done.
13:57:37 INFO  : Connected to target on host '127.0.0.1' and port '3121'.
13:57:40 INFO  : 'targets -set -filter {jtag_cable_name =~ "Avnet MiniZed V1 1234-oj1A" && level==0} -index 1' command is executed.
13:57:42 INFO  : FPGA configured successfully with bitstream "E:/PhD_project/vivado_prjs/minizedJTAG/minizedJTAG.runs/impl_1/design_1_wrapper.bit"
14:02:16 INFO  : Invoking Bootgen: bootgen -image output.bif -arch zynq -o E:\PhD_project\vivado_prjs\minizedJTAG\minizedJTAG.runs\impl_1\BOOT.bin -w on
14:02:17 INFO  : Bootgen command execution is done.
14:25:46 INFO  : Invoking Bootgen: bootgen -image output.bif -arch zynq -o E:\PhD_project\vivado_prjs\minizedJTAG\minizedJTAG.runs\impl_1\BOOT.bin -w on
14:25:47 INFO  : Bootgen command execution is done.
14:52:29 INFO  : Invoking Bootgen: bootgen -image output.bif -arch zynq -o E:\PhD_project\vivado_prjs\minizedJTAG\minizedJTAG.runs\impl_1\BOOT.bin -w on
14:52:31 INFO  : Bootgen command execution is done.
15:04:02 INFO  : Invoking Bootgen: bootgen -image output.bif -arch zynq -o E:\PhD_project\vivado_prjs\minizedJTAG\minizedJTAG.runs\impl_1\BOOT.bin -w on
15:04:04 INFO  : Bootgen command execution is done.
15:17:52 INFO  : Invoking Bootgen: bootgen -image output.bif -arch zynq -o E:\PhD_project\vivado_prjs\minizedJTAG\minizedJTAG.runs\impl_1\BOOT.bin -w on
15:17:54 INFO  : Bootgen command execution is done.
15:31:29 INFO  : Invoking Bootgen: bootgen -image output.bif -arch zynq -o E:\PhD_project\vivado_prjs\minizedJTAG\minizedJTAG.runs\impl_1\BOOT.bin -w on
15:31:31 INFO  : Bootgen command execution is done.
15:44:38 INFO  : Invoking Bootgen: bootgen -image output.bif -arch zynq -o E:\PhD_project\vivado_prjs\minizedJTAG\minizedJTAG.runs\impl_1\BOOT.bin -w on
15:44:40 INFO  : Bootgen command execution is done.
16:18:25 INFO  : Invoking Bootgen: bootgen -image output.bif -arch zynq -o E:\PhD_project\vivado_prjs\minizedJTAG\minizedJTAG.runs\impl_1\BOOT.bin -w on
16:18:26 INFO  : Bootgen command execution is done.
16:33:31 INFO  : Invoking Bootgen: bootgen -image output.bif -arch zynq -o E:\PhD_project\vivado_prjs\minizedJTAG\minizedJTAG.runs\impl_1\BOOT.bin -w on
16:33:33 INFO  : Bootgen command execution is done.
16:44:07 INFO  : Invoking Bootgen: bootgen -image output.bif -arch zynq -o E:\PhD_project\vivado_prjs\minizedJTAG\minizedJTAG.runs\impl_1\BOOT.bin -w on
16:44:08 INFO  : Bootgen command execution is done.
16:57:10 INFO  : Invoking Bootgen: bootgen -image output.bif -arch zynq -o E:\PhD_project\vivado_prjs\minizedJTAG\minizedJTAG.runs\impl_1\BOOT.bin -w on
16:57:12 INFO  : Bootgen command execution is done.
17:28:40 INFO  : Invoking Bootgen: bootgen -image output.bif -arch zynq -o E:\PhD_project\vivado_prjs\minizedJTAG\minizedJTAG.runs\impl_1\BOOT.bin -w on
17:28:42 INFO  : Bootgen command execution is done.
17:39:02 INFO  : Invoking Bootgen: bootgen -image output.bif -arch zynq -o E:\PhD_project\vivado_prjs\minizedJTAG\minizedJTAG.runs\impl_1\BOOT.bin -w on
17:39:03 INFO  : Bootgen command execution is done.
17:55:30 INFO  : Invoking Bootgen: bootgen -image output.bif -arch zynq -o E:\PhD_project\vivado_prjs\minizedJTAG\minizedJTAG.runs\impl_1\BOOT.bin -w on
17:55:31 INFO  : Bootgen command execution is done.
18:02:37 INFO  : Invoking Bootgen: bootgen -image output.bif -arch zynq -o E:\PhD_project\vivado_prjs\minizedJTAG\minizedJTAG.runs\impl_1\BOOT.bin -w on
18:02:39 INFO  : Bootgen command execution is done.
18:08:49 INFO  : Invoking Bootgen: bootgen -image output.bif -arch zynq -o E:\PhD_project\vivado_prjs\minizedJTAG\minizedJTAG.runs\impl_1\BOOT.bin -w on
18:08:51 INFO  : Bootgen command execution is done.
18:15:24 INFO  : Invoking Bootgen: bootgen -image output.bif -arch zynq -o E:\PhD_project\vivado_prjs\minizedJTAG\minizedJTAG.runs\impl_1\BOOT.bin -w on
18:15:26 INFO  : Bootgen command execution is done.
18:28:42 INFO  : Invoking Bootgen: bootgen -image output.bif -arch zynq -o E:\PhD_project\vivado_prjs\minizedJTAG\minizedJTAG.runs\impl_1\BOOT.bin -w on
18:28:44 INFO  : Bootgen command execution is done.
18:39:14 INFO  : Invoking Bootgen: bootgen -image output.bif -arch zynq -o E:\PhD_project\vivado_prjs\minizedJTAG\minizedJTAG.runs\impl_1\BOOT.bin -w on
18:39:15 INFO  : Bootgen command execution is done.
19:19:11 INFO  : Invoking Bootgen: bootgen -image output.bif -arch zynq -o E:\PhD_project\vivado_prjs\minizedJTAG\minizedJTAG.runs\impl_1\BOOT.bin -w on
19:19:13 INFO  : Bootgen command execution is done.
